[18:50:33] [main/INFO] (FabricLoader/GameProvider) Loading Minecraft 1.21 with Fabric Loader 0.15.11
[18:50:34] [main/INFO] (FabricLoader) Loading 54 mods:
	- extra_crossbow 1.0
	- fabric-api 0.100.4+1.21
	- fabric-api-base 0.4.42+6573ed8cd1
	- fabric-api-lookup-api-v1 1.6.67+b5597344d1
	- fabric-biome-api-v1 13.0.28+6fc22b99d1
	- fabric-block-api-v1 1.0.22+0af3f5a7d1
	- fabric-block-view-api-v2 1.0.10+6573ed8cd1
	- fabric-blockrenderlayer-v1 1.1.52+0af3f5a7d1
	- fabric-client-tags-api-v1 1.1.15+6573ed8cd1
	- fabric-command-api-v1 1.2.48+f71b366fd1
	- fabric-command-api-v2 2.2.27+6a6dfa19d1
	- fabric-commands-v0 0.2.65+df3654b3d1
	- fabric-content-registries-v0 8.0.14+b5597344d1
	- fabric-convention-tags-v1 2.0.15+7f945d5bd1
	- fabric-convention-tags-v2 2.3.2+78017270d1
	- fabric-crash-report-info-v1 0.2.29+0af3f5a7d1
	- fabric-data-attachment-api-v1 1.1.24+6a6dfa19d1
	- fabric-data-generation-api-v1 20.2.9+16c4ae25d1
	- fabric-dimensions-v1 4.0.0+6fc22b99d1
	- fabric-entity-events-v1 1.6.12+6fc22b99d1
	- fabric-events-interaction-v0 0.7.10+e633f883d1
	- fabric-game-rule-api-v1 1.0.52+6573ed8cd1
	- fabric-gametest-api-v1 2.0.2+6fc22b99d1
	- fabric-item-api-v1 11.0.0+afdfc921d1
	- fabric-item-group-api-v1 4.1.2+78017270d1
	- fabric-key-binding-api-v1 1.0.47+0af3f5a7d1
	- fabric-keybindings-v0 0.2.45+df3654b3d1
	- fabric-lifecycle-events-v1 2.3.11+8f3583aed1
	- fabric-loot-api-v2 3.0.11+6573ed8cd1
	- fabric-message-api-v1 6.0.13+6573ed8cd1
	- fabric-model-loading-api-v1 2.0.0+fe474d6bd1
	- fabric-networking-api-v1 4.2.0+ab7edbacd1
	- fabric-object-builder-api-v1 15.1.12+d1321076d1
	- fabric-particles-v1 4.0.2+6573ed8cd1
	- fabric-recipe-api-v1 5.0.10+65089712d1
	- fabric-registry-sync-v0 5.0.23+78017270d1
	- fabric-renderer-api-v1 3.3.0+0ae0b97dd1
	- fabric-renderer-indigo 1.6.5+48fb1586d1
	- fabric-renderer-registries-v1 3.2.67+df3654b3d1
	- fabric-rendering-data-attachment-v1 0.3.48+73761d2ed1
	- fabric-rendering-fluids-v1 3.1.6+b5597344d1
	- fabric-rendering-v0 1.1.70+df3654b3d1
	- fabric-rendering-v1 5.0.4+5a8c785ed1
	- fabric-resource-conditions-api-v1 4.2.1+d153f344d1
	- fabric-resource-loader-v0 1.1.5+78017270d1
	- fabric-screen-api-v1 2.0.24+b5597344d1
	- fabric-screen-handler-api-v1 1.3.80+b5597344d1
	- fabric-sound-api-v1 1.0.23+6573ed8cd1
	- fabric-transfer-api-v1 5.1.15+3dccd343d1
	- fabric-transitive-access-wideners-v1 6.0.12+6573ed8cd1
	- fabricloader 0.15.11
	- java 21
	- minecraft 1.21
	- mixinextras 0.3.5
[18:50:34] [main/INFO] (FabricLoader/Mixin) SpongePowered MIXIN Subsystem Version=0.8.5 Source=file:/home/theplaceholder/.gradle/caches/modules-2/files-2.1/net.fabricmc/sponge-mixin/0.13.3+mixin.0.8.5/9527e6b0d2449408958fd1302594dc65ec5ade9c/sponge-mixin-0.13.3+mixin.0.8.5.jar Service=Knot/Fabric Env=CLIENT
[18:50:34] [main/INFO] (FabricLoader/Mixin) Loaded Fabric development mappings for mixin remapper!
[18:50:34] [main/INFO] (FabricLoader/Mixin) Compatibility level set to JAVA_17
[18:50:34] [main/INFO] (FabricLoader/Mixin) Compatibility level set to JAVA_21
[18:50:39] [main/INFO] (FabricLoader/MixinExtras|Service) Initializing MixinExtras via com.llamalad7.mixinextras.service.MixinExtrasServiceImpl(version=0.3.5).
[18:50:40] [Datafixer Bootstrap/INFO] (Minecraft) 226 Datafixer optimizations took 382 milliseconds
[18:50:45] [Render thread/INFO] (Minecraft) Environment: Environment[sessionHost=https://sessionserver.mojang.com, servicesHost=https://api.minecraftservices.com, name=PROD]
[18:50:45] [Render thread/INFO] (Minecraft) Setting user: Player25
[18:50:46] [Render thread/INFO] (Indigo) [Indigo] Registering Indigo renderer!
[18:50:47] [Render thread/INFO] (Minecraft) Backend library: LWJGL version 3.3.3-snapshot
[18:50:48] [Render thread/INFO] (Minecraft) Reloading ResourceManager: vanilla, fabric, extra_crossbow, fabric-api, fabric-api-base, fabric-api-lookup-api-v1, fabric-biome-api-v1, fabric-block-api-v1, fabric-block-view-api-v2, fabric-blockrenderlayer-v1, fabric-client-tags-api-v1, fabric-command-api-v1, fabric-command-api-v2, fabric-commands-v0, fabric-content-registries-v0, fabric-convention-tags-v1, fabric-convention-tags-v2, fabric-crash-report-info-v1, fabric-data-attachment-api-v1, fabric-data-generation-api-v1, fabric-dimensions-v1, fabric-entity-events-v1, fabric-events-interaction-v0, fabric-game-rule-api-v1, fabric-gametest-api-v1, fabric-item-api-v1, fabric-item-group-api-v1, fabric-key-binding-api-v1, fabric-keybindings-v0, fabric-lifecycle-events-v1, fabric-loot-api-v2, fabric-message-api-v1, fabric-model-loading-api-v1, fabric-networking-api-v1, fabric-object-builder-api-v1, fabric-particles-v1, fabric-recipe-api-v1, fabric-registry-sync-v0, fabric-renderer-api-v1, fabric-renderer-indigo, fabric-renderer-registries-v1, fabric-rendering-data-attachment-v1, fabric-rendering-fluids-v1, fabric-rendering-v0, fabric-rendering-v1, fabric-resource-conditions-api-v1, fabric-resource-loader-v0, fabric-screen-api-v1, fabric-screen-handler-api-v1, fabric-sound-api-v1, fabric-transfer-api-v1, fabric-transitive-access-wideners-v1, fabricloader
[18:50:48] [Worker-Main-6/INFO] (Minecraft) Found unifont_all_no_pua-15.1.05.hex, loading
[18:50:48] [Worker-Main-7/INFO] (Minecraft) Found unifont_jp_patch-15.1.05.hex, loading
[18:50:50] [Render thread/WARN] (Minecraft) Missing sound for event: minecraft:item.goat_horn.play
[18:50:50] [Render thread/WARN] (Minecraft) Missing sound for event: minecraft:entity.goat.screaming.horn_break
[18:50:50] [Render thread/INFO] (Minecraft) OpenAL initialized on device OMEN Mindframe Prime Analog Stereo
[18:50:50] [Render thread/INFO] (Minecraft) Sound engine started
[18:50:50] [Render thread/INFO] (Minecraft) Created: 1024x512x4 minecraft:textures/atlas/blocks.png-atlas
[18:50:50] [Render thread/INFO] (Minecraft) Created: 256x256x4 minecraft:textures/atlas/signs.png-atlas
[18:50:50] [Render thread/INFO] (Minecraft) Created: 512x512x4 minecraft:textures/atlas/shield_patterns.png-atlas
[18:50:50] [Render thread/INFO] (Minecraft) Created: 512x512x4 minecraft:textures/atlas/banner_patterns.png-atlas
[18:50:50] [Render thread/INFO] (Minecraft) Created: 1024x1024x4 minecraft:textures/atlas/armor_trims.png-atlas
[18:50:50] [Render thread/INFO] (Minecraft) Created: 256x256x4 minecraft:textures/atlas/chest.png-atlas
[18:50:50] [Render thread/INFO] (Minecraft) Created: 128x64x4 minecraft:textures/atlas/decorated_pot.png-atlas
[18:50:50] [Render thread/INFO] (Minecraft) Created: 512x256x4 minecraft:textures/atlas/beds.png-atlas
[18:50:50] [Render thread/INFO] (Minecraft) Created: 512x256x4 minecraft:textures/atlas/shulker_boxes.png-atlas
[18:50:50] [Render thread/INFO] (Minecraft) Created: 512x256x0 minecraft:textures/atlas/particles.png-atlas
[18:50:50] [Render thread/INFO] (Minecraft) Created: 512x256x0 minecraft:textures/atlas/paintings.png-atlas
[18:50:50] [Render thread/INFO] (Minecraft) Created: 256x128x0 minecraft:textures/atlas/mob_effects.png-atlas
[18:50:50] [Render thread/INFO] (Minecraft) Created: 64x64x0 minecraft:textures/atlas/map_decorations.png-atlas
[18:50:50] [Render thread/INFO] (Minecraft) Created: 1024x512x0 minecraft:textures/atlas/gui.png-atlas
[18:50:50] [Render thread/WARN] (Minecraft) Shader rendertype_entity_translucent_emissive could not find sampler named Sampler2 in the specified shader program.
[18:50:56] [Render thread/INFO] (Minecraft) Loaded 1290 recipes
[18:50:56] [Render thread/INFO] (Minecraft) Loaded 1399 advancements
[18:50:57] [Render thread/INFO] (BiomeModificationImpl) Applied 0 biome modifications to 0 of 64 new biomes in 1.152 ms
[18:50:57] [Server thread/INFO] (Minecraft) Starting integrated minecraft server version 1.21
[18:50:57] [Server thread/INFO] (Minecraft) Generating keypair
[18:50:58] [Server thread/INFO] (Minecraft) Preparing start region for dimension minecraft:overworld
[18:50:58] [Render thread/INFO] (Minecraft) Preparing spawn area: 0%
[18:50:59] [Render thread/INFO] (Minecraft) Time elapsed: 412 ms
[18:50:59] [Server thread/INFO] (Minecraft) Changing view distance to 12, from 10
[18:50:59] [Server thread/INFO] (Minecraft) Changing simulation distance to 12, from 0
[18:50:59] [Server thread/INFO] (Minecraft) Player25[local:E:ca1d4e5f] logged in with entity id 4 at (375.6095053436787, 68.0, 17.862699743224866)
[18:51:00] [Server thread/INFO] (Minecraft) Player25 joined the game
[18:51:00] [Render thread/INFO] (Minecraft) Loaded 6 advancements
[18:51:04] [Server thread/INFO] (Minecraft) Player25 has made the advancement [Ol' Betsy]
[18:51:04] [Render thread/INFO] (Minecraft) [System] [CHAT] Player25 has made the advancement [Ol' Betsy]
[18:51:04] [Render thread/INFO] (Minecraft) Loaded 10 advancements
[18:52:41] [Render thread/INFO] (Minecraft) Loaded 19 advancements
[18:52:46] [Render thread/INFO] (Minecraft) Loaded 20 advancements
[18:53:10] [Server thread/INFO] (Minecraft) Player25 has made the advancement [Monster Hunter]
[18:53:10] [Render thread/INFO] (Minecraft) [System] [CHAT] Player25 has made the advancement [Monster Hunter]
[18:53:10] [Render thread/INFO] (Minecraft) Loaded 55 advancements
[18:54:05] [Render thread/INFO] (Minecraft) Loaded 74 advancements
[18:54:07] [Render thread/INFO] (Minecraft) Loaded 85 advancements
[18:54:10] [Render thread/INFO] (Minecraft) Loaded 92 advancements
[18:54:17] [Render thread/INFO] (Minecraft) Loaded 92 advancements
[18:55:12] [Server thread/INFO] (Minecraft) Player25 has made the advancement [Take Aim]
[18:55:12] [Render thread/INFO] (Minecraft) [System] [CHAT] Player25 has made the advancement [Take Aim]
[18:55:12] [Render thread/INFO] (Minecraft) Loaded 92 advancements
[18:55:30] [Render thread/INFO] (Minecraft) Loaded 92 advancements
[18:56:27] [Render thread/WARN] (Minecraft) Unable to play empty soundEvent: minecraft:entity.salmon.ambient
[18:57:36] [Server thread/INFO] (Minecraft) Saving and pausing game...
[18:57:36] [Server thread/INFO] (Minecraft) Saving chunks for level 'ServerLevel[New World]'/minecraft:overworld
[18:57:36] [Server thread/INFO] (Minecraft) Saving chunks for level 'ServerLevel[New World]'/minecraft:the_end
[18:57:36] [Server thread/INFO] (Minecraft) Saving chunks for level 'ServerLevel[New World]'/minecraft:the_nether
[18:58:55] [Server thread/INFO] (Minecraft) Saving and pausing game...
[18:58:55] [Server thread/INFO] (Minecraft) Saving chunks for level 'ServerLevel[New World]'/minecraft:overworld
[18:58:55] [Server thread/INFO] (Minecraft) Saving chunks for level 'ServerLevel[New World]'/minecraft:the_end
[18:58:55] [Server thread/INFO] (Minecraft) Saving chunks for level 'ServerLevel[New World]'/minecraft:the_nether
[18:59:17] [Server thread/INFO] (Minecraft) Saving and pausing game...
[18:59:17] [Server thread/INFO] (Minecraft) Saving chunks for level 'ServerLevel[New World]'/minecraft:overworld
[18:59:17] [Server thread/INFO] (Minecraft) Saving chunks for level 'ServerLevel[New World]'/minecraft:the_end
[18:59:17] [Server thread/INFO] (Minecraft) Saving chunks for level 'ServerLevel[New World]'/minecraft:the_nether
[19:16:50] [Server thread/INFO] (Minecraft) Saving and pausing game...
[19:16:50] [Server thread/INFO] (Minecraft) Saving chunks for level 'ServerLevel[New World]'/minecraft:overworld
[19:16:50] [Server thread/INFO] (Minecraft) Saving chunks for level 'ServerLevel[New World]'/minecraft:the_end
[19:16:50] [Server thread/INFO] (Minecraft) Saving chunks for level 'ServerLevel[New World]'/minecraft:the_nether
[19:21:38] [Server thread/INFO] (Minecraft) Saving and pausing game...
[19:21:38] [Server thread/INFO] (Minecraft) Saving chunks for level 'ServerLevel[New World]'/minecraft:overworld
[19:21:38] [Server thread/INFO] (Minecraft) Saving chunks for level 'ServerLevel[New World]'/minecraft:the_end
[19:21:38] [Server thread/INFO] (Minecraft) Saving chunks for level 'ServerLevel[New World]'/minecraft:the_nether
[19:21:48] [Server thread/INFO] (Minecraft) Saving and pausing game...
[19:21:48] [Server thread/INFO] (Minecraft) Saving chunks for level 'ServerLevel[New World]'/minecraft:overworld
[19:21:48] [Server thread/INFO] (Minecraft) Saving chunks for level 'ServerLevel[New World]'/minecraft:the_end
[19:21:48] [Server thread/INFO] (Minecraft) Saving chunks for level 'ServerLevel[New World]'/minecraft:the_nether
[19:36:16] [Server thread/INFO] (Minecraft) Saving and pausing game...
[19:36:16] [Server thread/INFO] (Minecraft) Saving chunks for level 'ServerLevel[New World]'/minecraft:overworld
[19:36:16] [Server thread/INFO] (Minecraft) Saving chunks for level 'ServerLevel[New World]'/minecraft:the_end
[19:36:16] [Server thread/INFO] (Minecraft) Saving chunks for level 'ServerLevel[New World]'/minecraft:the_nether
[19:36:32] [Server thread/INFO] (Minecraft) Saving and pausing game...
[19:36:32] [Server thread/INFO] (Minecraft) Saving chunks for level 'ServerLevel[New World]'/minecraft:overworld
[19:36:32] [Server thread/INFO] (Minecraft) Saving chunks for level 'ServerLevel[New World]'/minecraft:the_end
[19:36:32] [Server thread/INFO] (Minecraft) Saving chunks for level 'ServerLevel[New World]'/minecraft:the_nether
[19:36:49] [Render thread/INFO] (Minecraft) Loaded 93 advancements
[19:38:14] [Server thread/INFO] (Minecraft) [Player25: Set own game mode to Survival Mode]
[19:38:14] [Render thread/INFO] (Minecraft) [System] [CHAT] Set own game mode to Survival Mode
[19:38:23] [Server thread/INFO] (Minecraft) Player25 was pricked to death
[19:38:23] [Render thread/INFO] (Minecraft) [System] [CHAT] Player25 was pricked to death
[19:39:05] [Render thread/INFO] (Minecraft) [System] [CHAT] Saved screenshot as 2024-07-03_19.39.05.png
[19:39:05] [Server thread/INFO] (Minecraft) [Player25: Set own game mode to Creative Mode]
[19:39:05] [Render thread/INFO] (Minecraft) [System] [CHAT] Set own game mode to Creative Mode
[19:39:06] [Server thread/INFO] (Minecraft) Saving and pausing game...
[19:39:06] [Server thread/INFO] (Minecraft) Saving chunks for level 'ServerLevel[New World]'/minecraft:overworld
[19:39:06] [Server thread/INFO] (Minecraft) Saving chunks for level 'ServerLevel[New World]'/minecraft:the_end
[19:39:06] [Server thread/INFO] (Minecraft) Saving chunks for level 'ServerLevel[New World]'/minecraft:the_nether
[19:40:26] [Server thread/INFO] (Minecraft) Saving and pausing game...
[19:40:26] [Server thread/INFO] (Minecraft) Saving chunks for level 'ServerLevel[New World]'/minecraft:overworld
[19:40:26] [Server thread/INFO] (Minecraft) Saving chunks for level 'ServerLevel[New World]'/minecraft:the_end
[19:40:26] [Server thread/INFO] (Minecraft) Saving chunks for level 'ServerLevel[New World]'/minecraft:the_nether
[19:42:10] [Server thread/INFO] (Minecraft) Saving and pausing game...
[19:42:10] [Server thread/INFO] (Minecraft) Saving chunks for level 'ServerLevel[New World]'/minecraft:overworld
[19:42:10] [Server thread/INFO] (Minecraft) Saving chunks for level 'ServerLevel[New World]'/minecraft:the_end
[19:42:10] [Server thread/INFO] (Minecraft) Saving chunks for level 'ServerLevel[New World]'/minecraft:the_nether
[19:42:11] [Render thread/INFO] (Minecraft) Stopping!
[19:42:11] [Server thread/INFO] (Minecraft) Player25 lost connection: Disconnected
[19:42:11] [Server thread/INFO] (Minecraft) Player25 left the game
[19:42:11] [Server thread/INFO] (Minecraft) Stopping singleplayer server as player logged out
[19:42:11] [Server thread/INFO] (Minecraft) Stopping server
[19:42:11] [Server thread/INFO] (Minecraft) Saving players
[19:42:11] [Server thread/INFO] (Minecraft) Saving worlds
[19:42:11] [Server thread/INFO] (Minecraft) Saving chunks for level 'ServerLevel[New World]'/minecraft:overworld
[19:42:11] [Server thread/INFO] (Minecraft) Saving chunks for level 'ServerLevel[New World]'/minecraft:the_end
[19:42:11] [Server thread/INFO] (Minecraft) Saving chunks for level 'ServerLevel[New World]'/minecraft:the_nether
[19:42:11] [Server thread/INFO] (Minecraft) ThreadedAnvilChunkStorage (New World): All chunks are saved
[19:42:11] [Server thread/INFO] (Minecraft) ThreadedAnvilChunkStorage (DIM1): All chunks are saved
[19:42:11] [Server thread/INFO] (Minecraft) ThreadedAnvilChunkStorage (DIM-1): All chunks are saved
[19:42:11] [Server thread/INFO] (Minecraft) ThreadedAnvilChunkStorage: All dimensions are saved
